<?xml version="1.0" encoding="UTF-8"?>
<testng-results ignored="0" total="2" passed="2" failed="0" skipped="0">
  <reporter-output>
  </reporter-output>
  <suite started-at="2021-03-23T15:41:52 IST" name="Default suite" finished-at="2021-03-23T15:41:57 IST" duration-ms="5010">
    <groups>
    </groups>
    <test started-at="2021-03-23T15:41:52 IST" name="Default test" finished-at="2021-03-23T15:41:57 IST" duration-ms="5010">
      <class name="com.interview.swiggy.testcases.Sample1">
        <test-method is-config="true" signature="configsuite()[pri:0, instance:com.interview.swiggy.testcases.Sample1@68e965f5]" started-at="2021-03-23T15:41:52 IST" name="configsuite" finished-at="2021-03-23T15:41:52 IST" duration-ms="7" status="PASS">
          <reporter-output>
          </reporter-output>
        </test-method> <!-- configsuite -->
        <test-method is-config="true" signature="configbef()[pri:0, instance:com.interview.swiggy.testcases.Sample1@68e965f5]" started-at="2021-03-23T15:41:52 IST" name="configbef" finished-at="2021-03-23T15:41:57 IST" duration-ms="4631" status="PASS">
          <reporter-output>
          </reporter-output>
        </test-method> <!-- configbef -->
        <test-method is-config="true" signature="beforeMethodConfig()[pri:0, instance:com.interview.swiggy.testcases.Sample1@68e965f5]" started-at="2021-03-23T15:41:57 IST" name="beforeMethodConfig" finished-at="2021-03-23T15:41:57 IST" duration-ms="1" status="PASS">
          <reporter-output>
          </reporter-output>
        </test-method> <!-- beforeMethodConfig -->
        <test-method signature="test()[pri:0, instance:com.interview.swiggy.testcases.Sample1@68e965f5]" started-at="2021-03-23T15:41:57 IST" name="test" finished-at="2021-03-23T15:41:57 IST" duration-ms="6" status="PASS">
          <reporter-output>
          </reporter-output>
        </test-method> <!-- test -->
        <test-method is-config="true" signature="afterMethodConfig()[pri:0, instance:com.interview.swiggy.testcases.Sample1@68e965f5]" started-at="2021-03-23T15:41:57 IST" name="afterMethodConfig" finished-at="2021-03-23T15:41:57 IST" duration-ms="1" status="PASS">
          <reporter-output>
          </reporter-output>
        </test-method> <!-- afterMethodConfig -->
        <test-method is-config="true" signature="beforeMethodConfig()[pri:0, instance:com.interview.swiggy.testcases.Sample1@68e965f5]" started-at="2021-03-23T15:41:57 IST" name="beforeMethodConfig" finished-at="2021-03-23T15:41:57 IST" duration-ms="1" status="PASS">
          <reporter-output>
          </reporter-output>
        </test-method> <!-- beforeMethodConfig -->
        <test-method signature="main()[pri:0, instance:com.interview.swiggy.testcases.Sample1@68e965f5]" started-at="2021-03-23T15:41:57 IST" name="main" finished-at="2021-03-23T15:41:57 IST" duration-ms="326" status="PASS">
          <reporter-output>
          </reporter-output>
        </test-method> <!-- main -->
        <test-method is-config="true" signature="afterMethodConfig()[pri:0, instance:com.interview.swiggy.testcases.Sample1@68e965f5]" started-at="2021-03-23T15:41:57 IST" name="afterMethodConfig" finished-at="2021-03-23T15:41:57 IST" duration-ms="1" status="PASS">
          <reporter-output>
          </reporter-output>
        </test-method> <!-- afterMethodConfig -->
        <test-method is-config="true" signature="afterClasConfig()[pri:0, instance:com.interview.swiggy.testcases.Sample1@68e965f5]" started-at="2021-03-23T15:41:57 IST" name="afterClasConfig" finished-at="2021-03-23T15:41:57 IST" duration-ms="1" status="PASS">
          <reporter-output>
          </reporter-output>
        </test-method> <!-- afterClasConfig -->
        <test-method is-config="true" signature="AfterSuite()[pri:0, instance:com.interview.swiggy.testcases.Sample1@68e965f5]" started-at="2021-03-23T15:41:57 IST" name="AfterSuite" finished-at="2021-03-23T15:41:57 IST" duration-ms="1" status="PASS">
          <reporter-output>
          </reporter-output>
        </test-method> <!-- AfterSuite -->
      </class> <!-- com.interview.swiggy.testcases.Sample1 -->
    </test> <!-- Default test -->
  </suite> <!-- Default suite -->
</testng-results>
