<?xml version="1.0" encoding="UTF-8"?>
<testng-results ignored="0" total="1" passed="1" failed="0" skipped="0">
  <reporter-output>
  </reporter-output>
  <suite started-at="2021-03-23T08:46:57 IST" name="Default suite" finished-at="2021-03-23T08:47:05 IST" duration-ms="8020">
    <groups>
    </groups>
    <test started-at="2021-03-23T08:46:57 IST" name="Default test" finished-at="2021-03-23T08:47:05 IST" duration-ms="8020">
      <class name="com.interview.swiggy.generic.BaseClass">
        <test-method is-config="true" signature="configsuite()[pri:0, instance:com.interview.swiggy.generic.BaseClass@3c947bc5]" started-at="2021-03-23T08:46:57 IST" name="configsuite" finished-at="2021-03-23T08:46:57 IST" duration-ms="8" status="PASS">
          <reporter-output>
          </reporter-output>
        </test-method> <!-- configsuite -->
        <test-method is-config="true" signature="configbef()[pri:0, instance:com.interview.swiggy.generic.BaseClass@3c947bc5]" started-at="2021-03-23T08:46:57 IST" name="configbef" finished-at="2021-03-23T08:47:05 IST" duration-ms="7978" status="PASS">
          <reporter-output>
          </reporter-output>
        </test-method> <!-- configbef -->
        <test-method is-config="true" signature="beforeMethodConfig()[pri:0, instance:com.interview.swiggy.generic.BaseClass@3c947bc5]" started-at="2021-03-23T08:47:05 IST" name="beforeMethodConfig" finished-at="2021-03-23T08:47:05 IST" duration-ms="1" status="PASS">
          <reporter-output>
          </reporter-output>
        </test-method> <!-- beforeMethodConfig -->
        <test-method signature="test()[pri:0, instance:com.interview.swiggy.generic.BaseClass@3c947bc5]" started-at="2021-03-23T08:47:05 IST" name="test" finished-at="2021-03-23T08:47:05 IST" duration-ms="8" status="PASS">
          <reporter-output>
          </reporter-output>
        </test-method> <!-- test -->
        <test-method is-config="true" signature="afterMethodConfig()[pri:0, instance:com.interview.swiggy.generic.BaseClass@3c947bc5]" started-at="2021-03-23T08:47:05 IST" name="afterMethodConfig" finished-at="2021-03-23T08:47:05 IST" duration-ms="0" status="PASS">
          <reporter-output>
          </reporter-output>
        </test-method> <!-- afterMethodConfig -->
        <test-method is-config="true" signature="afterClasConfig()[pri:0, instance:com.interview.swiggy.generic.BaseClass@3c947bc5]" started-at="2021-03-23T08:47:05 IST" name="afterClasConfig" finished-at="2021-03-23T08:47:05 IST" duration-ms="1" status="PASS">
          <reporter-output>
          </reporter-output>
        </test-method> <!-- afterClasConfig -->
        <test-method is-config="true" signature="AfterSuite()[pri:0, instance:com.interview.swiggy.generic.BaseClass@3c947bc5]" started-at="2021-03-23T08:47:05 IST" name="AfterSuite" finished-at="2021-03-23T08:47:05 IST" duration-ms="0" status="PASS">
          <reporter-output>
          </reporter-output>
        </test-method> <!-- AfterSuite -->
      </class> <!-- com.interview.swiggy.generic.BaseClass -->
    </test> <!-- Default test -->
  </suite> <!-- Default suite -->
</testng-results>
